<?xml version="1.0" encoding="UTF-8"?>
<!-- Generated by org.testng.reporters.JUnitXMLReporter -->
<testsuite hostname="Buneets-MacBook-Pro.local" ignored="0" name="Test" tests="5" failures="0" timestamp="07 Dec 2019 01:29:05 GMT" time="19.597" errors="0">
  <testcase name="verifyHome" time="2.617" classname="com.testcases.TC001_VerifyHomePage"/>
  <testcase name="verifyLogin" time="3.042" classname="com.testcases.TC002_VerifyLogin"/>
  <testcase name="verifyAddNewPayee" time="4.117" classname="com.testcases.TC003_VerifyAddNewPayee"/>
  <testcase name="verifyTransferFunds" time="5.073" classname="com.testcases.TC004_VerifyTransferFunds"/>
  <testcase name="verifyPurchaseForeignCurrency" time="4.259" classname="com.testcases.TC005_VerifyPurchaseForeignCurrency"/>
</testsuite> <!-- Test -->
