<?xml version="1.0" encoding="UTF-8"?>
<!-- Generated by org.testng.reporters.JUnitXMLReporter -->
<testsuite hostname="Buneets-MacBook-Pro.local" ignored="0" name="Test" tests="5" failures="0" timestamp="06 Dec 2019 23:42:54 GMT" time="16.821" errors="0">
  <testcase name="verifyAddNewPayee" time="4.036" classname="com.testcases.TC003_VerifyAddNewPayee"/>
  <testcase name="verifyHome" time="1.897" classname="com.testcases.TC001_VerifyHomePage"/>
  <testcase name="verifyPurchaseForeignCurrency" time="4.028" classname="com.testcases.TC005_VerifyPurchaseForeignCurrency"/>
  <testcase name="verifyTransferFunds" time="3.96" classname="com.testcases.TC004_VerifyTransferFunds"/>
  <testcase name="verifyLogin" time="2.455" classname="com.testcases.TC002_VerifyLogin"/>
</testsuite> <!-- Test -->
