<?xml version="1.0" encoding="UTF-8"?>
<!-- Generated by org.testng.reporters.JUnitXMLReporter -->
<testsuite hostname="Buneets-MacBook-Pro.local" ignored="0" name="Test" tests="5" failures="0" timestamp="07 Dec 2019 03:10:58 GMT" time="22.122" errors="0">
  <testcase name="verifyHome" time="3.911" classname="com.testcases.TC001_VerifyHomePage"/>
  <testcase name="verifyLogin" time="3.084" classname="com.testcases.TC002_VerifyLogin"/>
  <testcase name="verifyAddNewPayee" time="4.304" classname="com.testcases.TC003_VerifyAddNewPayee"/>
  <testcase name="verifyTransferFunds" time="4.637" classname="com.testcases.TC004_VerifyTransferFunds"/>
  <testcase name="verifyPurchaseForeignCurrency" time="5.793" classname="com.testcases.TC005_VerifyPurchaseForeignCurrency"/>
</testsuite> <!-- Test -->
